This is pdfTeX, Version 3.141592653-2.6-1.40.25 (MiKTeX 24.1) (preloaded format=pdflatex 2025.6.16)  7 SEP 2025 06:26
entering extended mode
 restricted \write18 enabled.
 %&-line parsing enabled.
**./document.tex
(document.tex
LaTeX2e <2023-11-01> patch level 1
L3 programming layer <2024-01-04>
(F:\miktx\tex/latex/revtex\revtex4-2.cls
Document Class: revtex4-2 2022/06/05 4.2f (https://journals.aps.org/revtex/ for
 documentation)
 Copyright (c) 2019 American Physical Society.
 mailto:revtex@aps.org
 Licensed under the LPPL:
http://www.ctan.org/tex-archive/macros/latex/base/lppl.txt
 Arthur Ogawa <arthur_ogawa at sbcglobal dot net>
 Based on work by David Carlisle <david at dcarlisle.demon.co.uk>
 Version (4.2d--4.2f): Modified by Mark Doyle and Phelype Oleinik
 .
ltxutil[2022/06/05 4.2f utilities package (portions licensed from W. E. Baxter 
web at superscript.com)]
LaTeX Info: Redefining \@centercr on input line 356.
Class revtex4-2 Info: Repairing broken LaTeX eqnarray on input line 417.
\eqncolsep=\skip48
Class revtex4-2 Info: Repairing hyperref-unfriendly LaTeX definition of \mpfoot
note on input line 492.
Class revtex4-2 Info: Repairing broken LateX \@sect on input line 814.
\intertabularlinepenalty=\count187
\@tbpen=\count188
\@arstrutbox@hline=\box51
Class revtex4-2 Info: Repairing broken LaTeX \@xbitor on input line 1845.
Class revtex4-2 Info: Making \typeout \long on input line 2110.
ltxfront[2022/06/05 4.2f frontmatter package (AO,DPC,MD)]
\c@affil=\count189
\c@collab=\count190
\absbox=\box52
ltxgrid[2022/06/05 4.2f page grid package (portions licensed from W. E. Baxter 
web at superscript.com)]
\c@linecount=\count191
\output@latex=\toks17
\box@size@1=\box53
\box@size@2=\box54
\@protection@box=\box55
\@topmark@saved=\toks18
\footins@saved=\box56
\footins@recovered=\box57
\column@recovered=\box58
\pagesofar=\box59
\footsofar=\box60
\pagegrid@col=\count192
Class revtex4-2 Info: Overriding \@vspace, \@vspacer, \@no@pgbk, \@newline, and
 \\  on input line 5676.
\c@part=\count193
\c@section=\count194
\c@subsection=\count195
\c@subsubsection=\count196
\c@paragraph=\count197
\c@subparagraph=\count198
\abovecaptionskip=\skip49
\belowcaptionskip=\skip50
\c@figure=\count199
\fbox@1=\box61
\c@table=\count266
\fbox@2=\box62
\c@video=\count267
\fbox@4=\box63
\@bibdataout=\write3
\widetext@top=\box64
\widetext@bot=\box65
Class revtex4-2 Info: Selecting society aps on input line 7669.
(F:\miktx\tex/latex/revtex\aps4-2.rtx
File: aps4-2 2022/06/05 4.2f (https://journals.aps.org/revtex/ for documentatio
n)
Class revtex4-2 Info: RevTeX society APS selected on input line 40.
)

Class revtex4-2 Warning: No journal specified, using default pra.

Class revtex4-2 Info: APS journal PRA selected on input line 7672.
(F:\miktx\tex/latex/revtex\aps10pt4-2.rtx
File: aps10pt4-2 2022/06/05 4.2f (https://journals.aps.org/revtex/ for document
ation)
Class revtex4-2 Info: RevTeX pointsize 10pt selected on input line 39.
)
(F:\miktx\tex/latex/textcase\textcase.sty
Package: textcase 2025/02/16 v1.05 Text only upper/lower case changing (DPC)
Package textcase Info: Defining Legacy names on input line 20.
)
(F:\miktx\tex/latex/amsfonts\amssymb.sty
Package: amssymb 2013/01/14 v3.01 AMS font symbols

(F:\miktx\tex/latex/amsfonts\amsfonts.sty
Package: amsfonts 2013/01/14 v3.01 Basic AMSFonts support
\@emptytoks=\toks19
\symAMSa=\mathgroup4
\symAMSb=\mathgroup5
LaTeX Font Info:    Redeclaring math symbol \hbar on input line 98.
LaTeX Font Info:    Overwriting math alphabet `\mathfrak' in version `bold'
(Font)                  U/euf/m/n --> U/euf/b/n on input line 106.
))
(F:\miktx\tex/latex/amsmath\amsmath.sty
Package: amsmath 2023/05/13 v2.17o AMS math features
\@mathmargin=\skip51

For additional information on amsmath, use the `?' option.
(F:\miktx\tex/latex/amsmath\amstext.sty
Package: amstext 2021/08/26 v2.01 AMS text
 (F:\miktx\tex/latex/amsmath\amsgen.sty
File: amsgen.sty 1999/11/30 v2.0 generic functions
\@emptytoks=\toks20
\ex@=\dimen140
)
LaTeX Info: Redefining \text on input line 28.
) (F:\miktx\tex/latex/amsmath\amsbsy.sty
Package: amsbsy 1999/11/29 v1.2d Bold Symbols
\pmbraise@=\dimen141
)
(F:\miktx\tex/latex/amsmath\amsopn.sty
Package: amsopn 2022/04/08 v2.04 operator names
)
\inf@bad=\count268
LaTeX Info: Redefining \frac on input line 234.
\uproot@=\count269
\leftroot@=\count270
LaTeX Info: Redefining \overline on input line 399.
LaTeX Info: Redefining \colon on input line 410.
\classnum@=\count271
\DOTSCASE@=\count272
LaTeX Info: Redefining \ldots on input line 496.
LaTeX Info: Redefining \dots on input line 499.
LaTeX Info: Redefining \cdots on input line 620.
\Mathstrutbox@=\box66
\strutbox@=\box67
LaTeX Info: Redefining \big on input line 722.
LaTeX Info: Redefining \Big on input line 723.
LaTeX Info: Redefining \bigg on input line 724.
LaTeX Info: Redefining \Bigg on input line 725.
\big@size=\dimen142
LaTeX Font Info:    Redeclaring font encoding OML on input line 743.
LaTeX Font Info:    Redeclaring font encoding OMS on input line 744.
\macc@depth=\count273
LaTeX Info: Redefining \bmod on input line 905.
LaTeX Info: Redefining \pmod on input line 910.
LaTeX Info: Redefining \smash on input line 940.
LaTeX Info: Redefining \relbar on input line 970.
LaTeX Info: Redefining \Relbar on input line 971.
\c@MaxMatrixCols=\count274
\dotsspace@=\muskip16
\c@parentequation=\count275
\dspbrk@lvl=\count276
\tag@help=\toks21
\row@=\count277
\column@=\count278
\maxfields@=\count279
\andhelp@=\toks22
\eqnshift@=\dimen143
\alignsep@=\dimen144
\tagshift@=\dimen145
\tagwidth@=\dimen146
\totwidth@=\dimen147
\lineht@=\dimen148
\@envbody=\toks23
\multlinegap=\skip52
\multlinetaggap=\skip53
\mathdisplay@stack=\toks24
LaTeX Info: Redefining \[ on input line 2953.
LaTeX Info: Redefining \] on input line 2954.
) (F:\miktx\tex/latex/url\url.sty
\Urlmuskip=\muskip17
Package: url 2013/09/16  ver 3.4  Verb mode for urls, etc.
)
(F:\miktx\tex/latex/natbib\natbib.sty
Package: natbib 2010/09/13 8.31b (PWD, AO)
\bibhang=\skip54
\bibsep=\skip55
LaTeX Info: Redefining \cite on input line 694.
\c@NAT@ctr=\count280
)
Class revtex4-2 Info: Repairing natbib's \BibitemShut on input line 7676.

(F:\miktx\tex/latex/revtex\revsymb4-2.sty
Package: revsymb4-2 2022/06/05 4.2f (https://journals.aps.org/revtex/ for docum
entation)
LaTeX Info: Redefining \frak on input line 104.
LaTeX Info: Redefining \Bbb on input line 120.
LaTeX Info: Redefining \REV@mathfrak on input line 128.
))
(F:\miktx\tex/latex/graphics\graphicx.sty
Package: graphicx 2021/09/16 v1.2d Enhanced LaTeX Graphics (DPC,SPQR)

(F:\miktx\tex/latex/graphics\keyval.sty
Package: keyval 2022/05/29 v1.15 key=value parser (DPC)
\KV@toks@=\toks25
)
(F:\miktx\tex/latex/graphics\graphics.sty
Package: graphics 2022/03/10 v1.4e Standard LaTeX Graphics (DPC,SPQR)
 (F:\miktx\tex/latex/graphics\trig.sty
Package: trig 2021/08/11 v1.11 sin cos tan (DPC)
) (F:\miktx\tex/latex/graphics-cfg\graphics.cfg
File: graphics.cfg 2016/06/04 v1.11 sample graphics configuration
)
Package graphics Info: Driver file: pdftex.def on input line 107.

(F:\miktx\tex/latex/graphics-def\pdftex.def
File: pdftex.def 2022/09/22 v1.2b Graphics/color driver for pdftex
))
\Gin@req@height=\dimen149
\Gin@req@width=\dimen150
)
(F:\miktx\tex/latex/tools\dcolumn.sty
Package: dcolumn 2023/07/08 v1.06 decimal alignment package (DPC)
 (F:\miktx\tex/latex/tools\array.sty
Package: array 2023/10/16 v2.5g Tabular extension package (FMi)
\col@sep=\dimen151
\ar@mcellbox=\box68
\extrarowheight=\dimen152
\NC@list=\toks26
\extratabsurround=\skip56
\backup@length=\skip57
\ar@cellbox=\box69
))
(F:\miktx\tex/latex/tools\bm.sty
Package: bm 2023/07/08 v1.2f Bold Symbol Support (DPC/FMi)
\symboldoperators=\mathgroup6
\symboldletters=\mathgroup7
\symboldsymbols=\mathgroup8
Package bm Info: No bold for \OMX/cmex/m/n, using \pmb.
Package bm Info: No bold for \U/msa/m/n, using \pmb.
Package bm Info: No bold for \U/msb/m/n, using \pmb.
LaTeX Font Info:    Redeclaring math alphabet \mathbf on input line 149.
LaTeX Info: Redefining \bm on input line 219.
) (F:\miktx\tex/latex/caption\subcaption.sty
Package: subcaption 2023/07/28 v1.6b Sub-captions (AR)

(F:\miktx\tex/latex/caption\caption.sty
Package: caption 2023/08/05 v3.6o Customizing captions (AR)

(F:\miktx\tex/latex/caption\caption3.sty
Package: caption3 2023/07/31 v2.4d caption3 kernel (AR)
\caption@tempdima=\dimen153
\captionmargin=\dimen154
\caption@leftmargin=\dimen155
\caption@rightmargin=\dimen156
\caption@width=\dimen157
\caption@indent=\dimen158
\caption@parindent=\dimen159
\caption@hangindent=\dimen160
Package caption Info: Unknown document class (or package),
(caption)             standard defaults will be used.
Package caption Info: \@makecaption = \long macro:#1#2->\par \vskip \abovecapti
onskip \begingroup \small \rmfamily \sbox \@tempboxa {\let \\\heading@cr \@make
@capt@title {#1}{#2}}\@ifdim {\wd \@tempboxa >\hsize }{\begingroup \samepage \f
lushing \let \footnote \@footnotemark@gobble \@make@capt@title {#1}{#2}\par \en
dgroup }{\global \@minipagefalse \hb@xt@ \hsize {\hfil \unhbox \@tempboxa \hfil
 }}\endgroup \vskip \belowcaptionskip  on input line 1175.
)

Package caption Warning: Unknown document class (or package),
(caption)                standard defaults will be used.
See the caption package documentation for explanation.

\c@caption@flags=\count281
\c@continuedfloat=\count282
)
Package caption Info: New subtype `subfigure' on input line 238.
\c@subfigure=\count283
Package caption Info: New subtype `subtable' on input line 238.
\c@subtable=\count284
) (F:\miktx\tex/latex/placeins\placeins.sty
Package: placeins 2005/04/18  v 2.2
)
Class revtex4-2 Info: Unrecognized array package. Please update this document c
lass! (Proceeding with fingers crossed.) on input line 23.
Class revtex4-2 Info: cite was not loaded (OK!) on input line 23.
Class revtex4-2 Info: mcite was not loaded (OK!) on input line 23.
Class revtex4-2 Info: multicol was not loaded (OK!) on input line 23.

(F:\miktx\tex/latex/l3backend\l3backend-pdftex.def
File: l3backend-pdftex.def 2024-01-04 L3 backend support: PDF output (pdfTeX)
\l__color_backend_stack_int=\count285
\l__pdf_internal_box=\box70
) (document.aux

LaTeX Warning: Label `fig:vx_vz' multiply defined.


LaTeX Warning: Label `fig:vx_vz' multiply defined.


LaTeX Warning: Label `fig:vx_vz' multiply defined.


LaTeX Warning: Label `fig:vx_vz' multiply defined.


LaTeX Warning: Label `fig:vx_vz' multiply defined.


LaTeX Warning: Label `fig:vx_vz' multiply defined.


LaTeX Warning: Label `fig:vx_vz' multiply defined.


LaTeX Warning: Label `fig:Renyi Entropy' multiply defined.


LaTeX Warning: Label `fig:Renyi Entropy' multiply defined.


LaTeX Warning: Label `fig:Renyi Entropy' multiply defined.

)
\openout1 = `document.aux'.

LaTeX Font Info:    Checking defaults for OML/cmm/m/it on input line 23.
LaTeX Font Info:    ... okay on input line 23.
LaTeX Font Info:    Checking defaults for OMS/cmsy/m/n on input line 23.
LaTeX Font Info:    ... okay on input line 23.
LaTeX Font Info:    Checking defaults for OT1/cmr/m/n on input line 23.
LaTeX Font Info:    ... okay on input line 23.
LaTeX Font Info:    Checking defaults for T1/cmr/m/n on input line 23.
LaTeX Font Info:    ... okay on input line 23.
LaTeX Font Info:    Checking defaults for TS1/cmr/m/n on input line 23.
LaTeX Font Info:    ... okay on input line 23.
LaTeX Font Info:    Checking defaults for OMX/cmex/m/n on input line 23.
LaTeX Font Info:    ... okay on input line 23.
LaTeX Font Info:    Checking defaults for U/cmr/m/n on input line 23.
LaTeX Font Info:    ... okay on input line 23.
 (F:\miktx\tex/context/base/mkii\supp-pdf.mkii
[Loading MPS to PDF converter (version 2006.09.02).]
\scratchcounter=\count286
\scratchdimen=\dimen161
\scratchbox=\box71
\nofMPsegments=\count287
\nofMParguments=\count288
\everyMPshowfont=\toks27
\MPscratchCnt=\count289
\MPscratchDim=\dimen162
\MPnumerator=\count290
\makeMPintoPDFobject=\count291
\everyMPtoPDFconversion=\toks28
) (F:\miktx\tex/latex/epstopdf-pkg\epstopdf-base.sty
Package: epstopdf-base 2020-01-24 v2.11 Base part for package epstopdf
Package epstopdf-base Info: Redefining graphics rule for `.eps' on input line 4
85.

(F:\miktx\tex/latex/00miktex\epstopdf-sys.cfg
File: epstopdf-sys.cfg 2021/03/18 v2.0 Configuration of epstopdf for MiKTeX
))
Package caption Info: Begin \AtBeginDocument code.
Package caption Info: End \AtBeginDocument code.
\openout3 = `documentNotes.bib'.



Class revtex4-2 Warning: Assuming \noaffiliation for collaboration.

LaTeX Font Info:    Trying to load font information for U+msa on input line 68.

(F:\miktx\tex/latex/amsfonts\umsa.fd
File: umsa.fd 2013/01/14 v3.01 AMS symbols A
)
LaTeX Font Info:    Trying to load font information for U+msb on input line 68.

 (F:\miktx\tex/latex/amsfonts\umsb.fd
File: umsb.fd 2013/01/14 v3.01 AMS symbols B
)
LaTeX Font Info:    Trying to load font information for OMS+cmr on input line 6
8.

(F:\miktx\tex/latex/base\omscmr.fd
File: omscmr.fd 2023/04/13 v2.5m Standard LaTeX font definitions
)
LaTeX Font Info:    Font shape `OMS/cmr/m/it' in size <9> not available
(Font)              Font shape `OMS/cmsy/m/n' tried instead on input line 68.
 [1{C:/Users/ZS/AppData/Local/MiKTeX/fonts/map/pdftex/pdftex.map}]
Underfull \hbox (badness 10000) in paragraph at lines 93--95

 []


Underfull \hbox (badness 10000) in paragraph at lines 104--109

 []

[2]
Underfull \hbox (badness 10000) in paragraph at lines 149--152

 []


Underfull \hbox (badness 10000) in paragraph at lines 153--155

 []


Underfull \hbox (badness 10000) in paragraph at lines 168--172

 []


Overfull \hbox (5.9229pt too wide) detected at line 185
[]\OML/cmm/m/it/10 a[] \OT1/cmr/m/n/10 = \OML/cmm/m/it/10 ^^[\OT1/cmr/m/n/10 (\
OML/cmm/m/it/10 v[] \OMS/cmsy/m/n/10 ^^@ \OML/cmm/m/it/10 v[]\OT1/cmr/m/n/10 )\
OML/cmm/m/it/10 a[] \OT1/cmr/m/n/10 = \OML/cmm/m/it/10 ^^Mv[] \OT1/cmr/m/n/10 +
 \OML/cmm/m/it/10 v[]z \OMS/cmsy/m/n/10 ^^@ \OML/cmm/m/it/10 v[]x \OT1/cmr/m/n/
10 + \OML/cmm/m/it/10 v[]a[] \OT1/cmr/m/n/10 = \OML/cmm/m/it/10 v[]y \OT1/cmr/m
/n/10 + \OML/cmm/m/it/10 v[]x \OMS/cmsy/m/n/10 ^^@ \OML/cmm/m/it/10 ^^Lv[]
 []

[3]
<v_x_vs_x.png, id=27, 421.575pt x 316.18124pt>
File: v_x_vs_x.png Graphic file (type png)
<use v_x_vs_x.png>
Package pdftex.def Info: v_x_vs_x.png  used on input line 226.
(pdftex.def)             Requested size: 196.80075pt x 147.6017pt.
<v_y_vs_y.png, id=28, 421.575pt x 316.18124pt>
File: v_y_vs_y.png Graphic file (type png)
<use v_y_vs_y.png>
Package pdftex.def Info: v_y_vs_y.png  used on input line 233.
(pdftex.def)             Requested size: 196.80075pt x 147.6017pt.
<v_z_vs_z.png, id=29, 421.575pt x 316.18124pt>
File: v_z_vs_z.png Graphic file (type png)
<use v_z_vs_z.png>
Package pdftex.def Info: v_z_vs_z.png  used on input line 240.
(pdftex.def)             Requested size: 196.80075pt x 147.6017pt.
<y_vs_x.png, id=30, 421.575pt x 316.18124pt>
File: y_vs_x.png Graphic file (type png)
<use y_vs_x.png>
Package pdftex.def Info: y_vs_x.png  used on input line 247.
(pdftex.def)             Requested size: 196.80075pt x 147.6017pt.
<z_vs_y.png, id=31, 421.575pt x 316.18124pt>
File: z_vs_y.png Graphic file (type png)
<use z_vs_y.png>
Package pdftex.def Info: z_vs_y.png  used on input line 254.
(pdftex.def)             Requested size: 196.80075pt x 147.6017pt.
<x_vs_z.png, id=32, 421.575pt x 316.18124pt>
File: x_vs_z.png Graphic file (type png)
<use x_vs_z.png>
Package pdftex.def Info: x_vs_z.png  used on input line 261.
(pdftex.def)             Requested size: 196.80075pt x 147.6017pt.
<vy_vs_vx.png, id=33, 421.575pt x 316.18124pt>
File: vy_vs_vx.png Graphic file (type png)
<use vy_vs_vx.png>
Package pdftex.def Info: vy_vs_vx.png  used on input line 268.
(pdftex.def)             Requested size: 196.80075pt x 147.6017pt.
<vz_vs_vy.png, id=34, 421.575pt x 316.18124pt>
File: vz_vs_vy.png Graphic file (type png)
<use vz_vs_vy.png>
Package pdftex.def Info: vz_vs_vy.png  used on input line 275.
(pdftex.def)             Requested size: 196.80075pt x 147.6017pt.
<vx_vs_vz.png, id=35, 421.575pt x 316.18124pt>
File: vx_vs_vz.png Graphic file (type png)
<use vx_vs_vz.png>
Package pdftex.def Info: vx_vs_vz.png  used on input line 282.
(pdftex.def)             Requested size: 196.80075pt x 147.6017pt.
 [4 <./v_x_vs_x.png (PNG copy)> <./v_y_vs_y.png (PNG copy)> <./v_z_vs_z.png (PN
G copy)> <./y_vs_x.png (PNG copy)>]

LaTeX Warning: A float is stuck (cannot be placed) on input line 288.


LaTeX Warning: A float is stuck (cannot be placed) on input line 288.


Class revtex4-2 Warning: Deferred float stuck during \clearpage processing.

[5 <./z_vs_y.png (PNG copy)> <./x_vs_z.png (PNG copy)> <./vy_vs_vx.png (PNG cop
y)> <./vz_vs_vy.png (PNG copy)> <./vx_vs_vz.png (PNG copy)>]
<kinetic_energy_plot.png, id=42, 421.575pt x 316.18124pt>
File: kinetic_energy_plot.png Graphic file (type png)
<use kinetic_energy_plot.png>
Package pdftex.def Info: kinetic_energy_plot.png  used on input line 294.
(pdftex.def)             Requested size: 196.80075pt x 147.6017pt.
<work.png, id=43, 421.575pt x 316.18124pt>
File: work.png Graphic file (type png)
<use work.png>
Package pdftex.def Info: work.png  used on input line 300.
(pdftex.def)             Requested size: 196.80075pt x 147.6017pt.
<homoclinic_heteroclinic_points.png, id=44, 903.375pt x 465.99094pt>
File: homoclinic_heteroclinic_points.png Graphic file (type png)
<use homoclinic_heteroclinic_points.png>
Package pdftex.def Info: homoclinic_heteroclinic_points.png  used on input line
 311.
(pdftex.def)             Requested size: 196.80075pt x 101.51575pt.
<PE_vs_time_x.png, id=45, 421.575pt x 316.18124pt>
File: PE_vs_time_x.png Graphic file (type png)
<use PE_vs_time_x.png>
Package pdftex.def Info: PE_vs_time_x.png  used on input line 320.
(pdftex.def)             Requested size: 196.80075pt x 147.6017pt.
<PE_vs_time_y.png, id=46, 421.575pt x 316.18124pt>
File: PE_vs_time_y.png Graphic file (type png)
<use PE_vs_time_y.png>
Package pdftex.def Info: PE_vs_time_y.png  used on input line 326.
(pdftex.def)             Requested size: 196.80075pt x 147.6017pt.
<PE_vs_time_z.png, id=47, 421.575pt x 316.18124pt>
File: PE_vs_time_z.png Graphic file (type png)
<use PE_vs_time_z.png>
Package pdftex.def Info: PE_vs_time_z.png  used on input line 332.
(pdftex.def)             Requested size: 196.80075pt x 147.6017pt.
<SE_vs_time_x.png, id=48, 421.575pt x 316.18124pt>
File: SE_vs_time_x.png Graphic file (type png)
<use SE_vs_time_x.png>
Package pdftex.def Info: SE_vs_time_x.png  used on input line 338.
(pdftex.def)             Requested size: 196.80075pt x 147.6017pt.
<SE_vs_time_y.png, id=49, 421.575pt x 316.18124pt>
File: SE_vs_time_y.png Graphic file (type png)
<use SE_vs_time_y.png>
Package pdftex.def Info: SE_vs_time_y.png  used on input line 344.
(pdftex.def)             Requested size: 196.80075pt x 147.6017pt.
<SE_vs_time_z.png, id=50, 421.575pt x 316.18124pt>
File: SE_vs_time_z.png Graphic file (type png)
<use SE_vs_time_z.png>
Package pdftex.def Info: SE_vs_time_z.png  used on input line 350.
(pdftex.def)             Requested size: 196.80075pt x 147.6017pt.
<RE_vs_time_x.png, id=51, 421.575pt x 316.18124pt>
File: RE_vs_time_x.png Graphic file (type png)
<use RE_vs_time_x.png>
Package pdftex.def Info: RE_vs_time_x.png  used on input line 356.
(pdftex.def)             Requested size: 196.80075pt x 147.6017pt.
<RE_vs_time_y.png, id=52, 421.575pt x 316.18124pt>
File: RE_vs_time_y.png Graphic file (type png)
<use RE_vs_time_y.png>
Package pdftex.def Info: RE_vs_time_y.png  used on input line 362.
(pdftex.def)             Requested size: 196.80075pt x 147.6017pt.
<RE_vs_time_z.png, id=53, 421.575pt x 316.18124pt>
File: RE_vs_time_z.png Graphic file (type png)
<use RE_vs_time_z.png>
Package pdftex.def Info: RE_vs_time_z.png  used on input line 368.
(pdftex.def)             Requested size: 196.80075pt x 147.6017pt.
<renyi_entropy_vs_alpha_for_100_bin.png, id=54, 421.575pt x 316.18124pt>
File: renyi_entropy_vs_alpha_for_100_bin.png Graphic file (type png)
<use renyi_entropy_vs_alpha_for_100_bin.png>
Package pdftex.def Info: renyi_entropy_vs_alpha_for_100_bin.png  used on input 
line 374.
(pdftex.def)             Requested size: 196.80075pt x 147.6017pt.
 [6 <./kinetic_energy_plot.png (PNG copy)> <./work.png (PNG copy)> <./homoclini
c_heteroclinic_points.png (PNG copy)> <./PE_vs_time_x.png (PNG copy)> <./PE_vs_
time_y.png (PNG copy)>]

LaTeX Warning: A float is stuck (cannot be placed) on input line 382.


LaTeX Warning: A float is stuck (cannot be placed) on input line 382.


Class revtex4-2 Warning: Deferred float stuck during \clearpage processing.

(document.bbl) [7 <./PE_vs_time_z.png (PNG copy)> <./SE_vs_time_x.png (PNG copy
)> <./SE_vs_time_y.png (PNG copy)> <./SE_vs_time_z.png (PNG copy)> <./RE_vs_tim
e_x.png (PNG copy)> <./RE_vs_time_y.png (PNG copy)>] [8 <./RE_vs_time_z.png (PN
G copy)> <./renyi_entropy_vs_alpha_for_100_bin.png (PNG copy)>] (document.aux)
 ***********
LaTeX2e <2023-11-01> patch level 1
L3 programming layer <2024-01-04>
 ***********


LaTeX Warning: There were multiply-defined labels.

 ) 
Here is how much of TeX's memory you used:
 6458 strings out of 474485
 97551 string characters out of 5760627
 1947542 words of memory out of 5000000
 28681 multiletter control sequences out of 15000+600000
 571492 words of font info for 85 fonts, out of 8000000 for 9000
 1141 hyphenation exceptions out of 8191
 71i,8n,79p,639b,353s stack positions out of 10000i,1000n,20000p,200000b,200000s
<F:/miktx/fonts/type1/public/amsfonts/cm/cmbx12.pfb><F:/miktx/fonts/type1/pub
lic/amsfonts/cm/cmbx9.pfb><F:/miktx/fonts/type1/public/amsfonts/cm/cmex10.pfb><
F:/miktx/fonts/type1/public/amsfonts/cm/cmmi10.pfb><F:/miktx/fonts/type1/public
/amsfonts/cm/cmmi7.pfb><F:/miktx/fonts/type1/public/amsfonts/cm/cmr10.pfb><F:/m
iktx/fonts/type1/public/amsfonts/cm/cmr7.pfb><F:/miktx/fonts/type1/public/amsfo
nts/cm/cmr8.pfb><F:/miktx/fonts/type1/public/amsfonts/cm/cmr9.pfb><F:/miktx/fon
ts/type1/public/amsfonts/cm/cmsy10.pfb><F:/miktx/fonts/type1/public/amsfonts/cm
/cmsy6.pfb><F:/miktx/fonts/type1/public/amsfonts/cm/cmsy7.pfb><F:/miktx/fonts/t
ype1/public/amsfonts/cm/cmsy8.pfb><F:/miktx/fonts/type1/public/amsfonts/cm/cmsy
9.pfb><F:/miktx/fonts/type1/public/amsfonts/cm/cmti10.pfb><F:/miktx/fonts/type1
/public/amsfonts/cm/cmti9.pfb>
Output written on document.pdf (8 pages, 918091 bytes).
PDF statistics:
 131 PDF objects out of 1000 (max. 8388607)
 0 named destinations out of 1000 (max. 500000)
 111 words of extra memory for PDF output out of 10000 (max. 10000000)

